{"name":"hexo","hostname":"mhyang","pid":8640,"level":20,"msg":"Hexo version: 3.7.1","time":"2018-06-28T05:44:47.086Z","v":0}
{"name":"hexo","hostname":"mhyang","pid":8640,"level":20,"msg":"Working directory: F:\\WebStormWP\\hexo_blog\\","time":"2018-06-28T05:44:47.088Z","v":0}
{"name":"hexo","hostname":"mhyang","pid":8640,"level":20,"msg":"Config loaded: F:\\WebStormWP\\hexo_blog\\_config.yml","time":"2018-06-28T05:44:47.296Z","v":0}
{"name":"hexo","hostname":"mhyang","pid":8640,"level":20,"msg":"Plugin loaded: hexo-deployer-git","time":"2018-06-28T05:44:47.368Z","v":0}
{"name":"hexo","hostname":"mhyang","pid":8640,"level":20,"msg":"Plugin loaded: hexo-generator-archive","time":"2018-06-28T05:44:47.375Z","v":0}
{"name":"hexo","hostname":"mhyang","pid":8640,"level":20,"msg":"Plugin loaded: hexo-generator-category","time":"2018-06-28T05:44:47.379Z","v":0}
{"name":"hexo","hostname":"mhyang","pid":8640,"level":20,"msg":"Plugin loaded: hexo-generator-tag","time":"2018-06-28T05:44:47.384Z","v":0}
{"name":"hexo","hostname":"mhyang","pid":8640,"level":20,"msg":"Plugin loaded: hexo-generator-index","time":"2018-06-28T05:44:47.388Z","v":0}
{"name":"hexo","hostname":"mhyang","pid":8640,"level":20,"msg":"Plugin loaded: hexo-renderer-marked","time":"2018-06-28T05:44:47.400Z","v":0}
{"name":"hexo","hostname":"mhyang","pid":8640,"level":20,"msg":"Plugin loaded: hexo-renderer-stylus","time":"2018-06-28T05:44:47.401Z","v":0}
{"name":"hexo","hostname":"mhyang","pid":8640,"level":20,"msg":"Plugin loaded: hexo-renderer-ejs","time":"2018-06-28T05:44:47.408Z","v":0}
{"name":"hexo","hostname":"mhyang","pid":8640,"level":20,"msg":"Plugin loaded: hexo-server","time":"2018-06-28T05:44:47.540Z","v":0}
{"name":"hexo","hostname":"mhyang","pid":8640,"level":20,"msg":"Script loaded: themes\\next\\scripts\\merge-configs.js","time":"2018-06-28T05:44:47.573Z","v":0}
{"name":"hexo","hostname":"mhyang","pid":8640,"level":20,"msg":"Script loaded: themes\\next\\scripts\\tags\\button.js","time":"2018-06-28T05:44:47.574Z","v":0}
{"name":"hexo","hostname":"mhyang","pid":8640,"level":20,"msg":"Script loaded: themes\\next\\scripts\\tags\\exturl.js","time":"2018-06-28T05:44:47.575Z","v":0}
{"name":"hexo","hostname":"mhyang","pid":8640,"level":20,"msg":"Script loaded: themes\\next\\scripts\\tags\\center-quote.js","time":"2018-06-28T05:44:47.575Z","v":0}
{"name":"hexo","hostname":"mhyang","pid":8640,"level":20,"msg":"Script loaded: themes\\next\\scripts\\tags\\full-image.js","time":"2018-06-28T05:44:47.575Z","v":0}
{"name":"hexo","hostname":"mhyang","pid":8640,"level":20,"msg":"Script loaded: themes\\next\\scripts\\merge.js","time":"2018-06-28T05:44:47.579Z","v":0}
{"name":"hexo","hostname":"mhyang","pid":8640,"level":20,"msg":"Script loaded: themes\\next\\scripts\\tags\\group-pictures.js","time":"2018-06-28T05:44:47.580Z","v":0}
{"name":"hexo","hostname":"mhyang","pid":8640,"level":20,"msg":"Script loaded: themes\\next\\scripts\\tags\\lazy-image.js","time":"2018-06-28T05:44:47.580Z","v":0}
{"name":"hexo","hostname":"mhyang","pid":8640,"level":20,"msg":"Script loaded: themes\\next\\scripts\\tags\\label.js","time":"2018-06-28T05:44:47.581Z","v":0}
{"name":"hexo","hostname":"mhyang","pid":8640,"level":20,"msg":"Script loaded: themes\\next\\scripts\\tags\\note.js","time":"2018-06-28T05:44:47.581Z","v":0}
{"name":"hexo","hostname":"mhyang","pid":8640,"level":20,"msg":"Script loaded: themes\\next\\scripts\\tags\\tabs.js","time":"2018-06-28T05:44:47.581Z","v":0}
{"name":"hexo","hostname":"mhyang","pid":8640,"level":20,"msg":"Database saved","time":"2018-06-28T05:44:47.586Z","v":0}
{"name":"hexo","hostname":"mhyang","pid":4452,"level":20,"msg":"Hexo version: 3.7.1","time":"2018-06-28T05:45:10.680Z","v":0}
{"name":"hexo","hostname":"mhyang","pid":4452,"level":20,"msg":"Working directory: F:\\WebStormWP\\hexo_blog\\","time":"2018-06-28T05:45:10.683Z","v":0}
{"name":"hexo","hostname":"mhyang","pid":4452,"level":20,"msg":"Config loaded: F:\\WebStormWP\\hexo_blog\\_config.yml","time":"2018-06-28T05:45:10.915Z","v":0}
{"name":"hexo","hostname":"mhyang","pid":4452,"level":20,"msg":"Plugin loaded: hexo-generator-archive","time":"2018-06-28T05:45:10.947Z","v":0}
{"name":"hexo","hostname":"mhyang","pid":4452,"level":20,"msg":"Plugin loaded: hexo-deployer-git","time":"2018-06-28T05:45:10.989Z","v":0}
{"name":"hexo","hostname":"mhyang","pid":4452,"level":20,"msg":"Plugin loaded: hexo-generator-index","time":"2018-06-28T05:45:10.994Z","v":0}
{"name":"hexo","hostname":"mhyang","pid":4452,"level":20,"msg":"Plugin loaded: hexo-renderer-ejs","time":"2018-06-28T05:45:11.001Z","v":0}
{"name":"hexo","hostname":"mhyang","pid":4452,"level":20,"msg":"Plugin loaded: hexo-generator-category","time":"2018-06-28T05:45:11.005Z","v":0}
{"name":"hexo","hostname":"mhyang","pid":4452,"level":20,"msg":"Plugin loaded: hexo-generator-tag","time":"2018-06-28T05:45:11.010Z","v":0}
{"name":"hexo","hostname":"mhyang","pid":4452,"level":20,"msg":"Plugin loaded: hexo-renderer-marked","time":"2018-06-28T05:45:11.021Z","v":0}
{"name":"hexo","hostname":"mhyang","pid":4452,"level":20,"msg":"Plugin loaded: hexo-renderer-stylus","time":"2018-06-28T05:45:11.023Z","v":0}
{"name":"hexo","hostname":"mhyang","pid":4452,"level":20,"msg":"Plugin loaded: hexo-server","time":"2018-06-28T05:45:11.165Z","v":0}
{"name":"hexo","hostname":"mhyang","pid":4452,"level":20,"msg":"Script loaded: themes\\next\\scripts\\merge-configs.js","time":"2018-06-28T05:45:11.197Z","v":0}
{"name":"hexo","hostname":"mhyang","pid":4452,"level":20,"msg":"Script loaded: themes\\next\\scripts\\tags\\button.js","time":"2018-06-28T05:45:11.197Z","v":0}
{"name":"hexo","hostname":"mhyang","pid":4452,"level":20,"msg":"Script loaded: themes\\next\\scripts\\tags\\center-quote.js","time":"2018-06-28T05:45:11.198Z","v":0}
{"name":"hexo","hostname":"mhyang","pid":4452,"level":20,"msg":"Script loaded: themes\\next\\scripts\\tags\\exturl.js","time":"2018-06-28T05:45:11.199Z","v":0}
{"name":"hexo","hostname":"mhyang","pid":4452,"level":20,"msg":"Script loaded: themes\\next\\scripts\\merge.js","time":"2018-06-28T05:45:11.202Z","v":0}
{"name":"hexo","hostname":"mhyang","pid":4452,"level":20,"msg":"Script loaded: themes\\next\\scripts\\tags\\group-pictures.js","time":"2018-06-28T05:45:11.203Z","v":0}
{"name":"hexo","hostname":"mhyang","pid":4452,"level":20,"msg":"Script loaded: themes\\next\\scripts\\tags\\label.js","time":"2018-06-28T05:45:11.203Z","v":0}
{"name":"hexo","hostname":"mhyang","pid":4452,"level":20,"msg":"Script loaded: themes\\next\\scripts\\tags\\full-image.js","time":"2018-06-28T05:45:11.203Z","v":0}
{"name":"hexo","hostname":"mhyang","pid":4452,"level":20,"msg":"Script loaded: themes\\next\\scripts\\tags\\lazy-image.js","time":"2018-06-28T05:45:11.203Z","v":0}
{"name":"hexo","hostname":"mhyang","pid":4452,"level":20,"msg":"Script loaded: themes\\next\\scripts\\tags\\note.js","time":"2018-06-28T05:45:11.204Z","v":0}
{"name":"hexo","hostname":"mhyang","pid":4452,"level":20,"msg":"Script loaded: themes\\next\\scripts\\tags\\tabs.js","time":"2018-06-28T05:45:11.204Z","v":0}
{"name":"hexo","hostname":"mhyang","pid":4452,"level":20,"msg":"Database saved","time":"2018-06-28T05:45:11.207Z","v":0}
